<?xml version="1.0" encoding="UTF-8"?>
<robot generator="Robot 3.1.2 (Python 3.7.5 on linux)" generated="20200401 14:26:59.205" rpa="false">
<suite id="s1" name="test 6 Encards" source="/home/bogdanterzea/Documents/TestingGo/automated-channel-testing/RobotLibrary/Tests/test_6_Encards.robot">
<test id="s1-t1" name="Verify is channel launched">
<kw name="Launch the channel" library="RobotLibrary">
<arguments>
<arg>${channel_code}</arg>
</arguments>
<msg timestamp="20200401 14:27:01.666" level="INFO">&lt;Response [200]&gt;</msg>
<status status="PASS" starttime="20200401 14:26:59.299" endtime="20200401 14:27:01.666"></status>
</kw>
<kw name="Verify is channel loaded" library="RobotLibrary">
<arguments>
<arg>${channel_code}</arg>
</arguments>
<status status="PASS" starttime="20200401 14:27:01.667" endtime="20200401 14:27:01.684"></status>
</kw>
<status status="PASS" starttime="20200401 14:26:59.299" endtime="20200401 14:27:01.685" critical="yes"></status>
</test>
<test id="s1-t2" name="Verify is initial screen loaded">
<kw name="Verify is screen loaded" library="RobotLibrary">
<arguments>
<arg>${GridParams}</arg>
</arguments>
<msg timestamp="20200401 14:27:02.782" level="INFO">{'elementData': [{'using': 'tag', 'value': 'GridView'}]}</msg>
<status status="PASS" starttime="20200401 14:27:01.687" endtime="20200401 14:27:02.782"></status>
</kw>
<status status="PASS" starttime="20200401 14:27:01.685" endtime="20200401 14:27:02.782" critical="yes"></status>
</test>
<test id="s1-t3" name="Verify is details screen loaded">
<kw name="Send key" library="RobotLibrary">
<arguments>
<arg>Select</arg>
<arg>4</arg>
</arguments>
<msg timestamp="20200401 14:27:06.797" level="FAIL">Post http://192.168.1.102:8060/keypress/Select: EOF</msg>
<status status="FAIL" starttime="20200401 14:27:02.784" endtime="20200401 14:27:06.797"></status>
</kw>
<status status="FAIL" starttime="20200401 14:27:02.783" endtime="20200401 14:27:06.797" critical="yes">Post http://192.168.1.102:8060/keypress/Select: EOF</status>
</test>
<test id="s1-t4" name="Verify is playback started">
<kw name="Send key" library="RobotLibrary">
<arguments>
<arg>Select</arg>
<arg>3</arg>
</arguments>
<status status="PASS" starttime="20200401 14:27:06.798" endtime="20200401 14:27:09.862"></status>
</kw>
<kw name="Verify is playback started 5 1">
<msg timestamp="20200401 14:27:09.868" level="FAIL">No keyword with name 'Verify is playback started 5 1' found. Did you mean:
    RobotLibrary.Verify Is Playback Started</msg>
<status status="FAIL" starttime="20200401 14:27:09.867" endtime="20200401 14:27:09.868"></status>
</kw>
<status status="FAIL" starttime="20200401 14:27:06.797" endtime="20200401 14:27:09.868" critical="yes">No keyword with name 'Verify is playback started 5 1' found. Did you mean:
    RobotLibrary.Verify Is Playback Started</status>
</test>
<test id="s1-t5" name="Encards">
<kw name="Verify is screen loaded" library="RobotLibrary">
<arguments>
<arg>${EncardParams}</arg>
<arg>10</arg>
<arg>10</arg>
</arguments>
<msg timestamp="20200401 14:27:09.931" level="INFO">{'elementData': [{'using': 'text', 'value': 'Authenticate to watch'}]}</msg>
<status status="PASS" starttime="20200401 14:27:09.870" endtime="20200401 14:27:09.931"></status>
</kw>
<status status="PASS" starttime="20200401 14:27:09.869" endtime="20200401 14:27:09.932" critical="yes"></status>
</test>
<doc>Test 2</doc>
<status status="FAIL" starttime="20200401 14:26:59.206" endtime="20200401 14:27:09.934"></status>
</suite>
<statistics>
<total>
<stat pass="3" fail="2">Critical Tests</stat>
<stat pass="3" fail="2">All Tests</stat>
</total>
<tag>
</tag>
<suite>
<stat pass="3" fail="2" id="s1" name="test 6 Encards">test 6 Encards</stat>
</suite>
</statistics>
<errors>
</errors>
</robot>
